app/build/intermediates/manifest_merge_blame_file/debug/manifest-merger-blame-debug-report.txt
1<?xml version="1.0" encoding="utf-8"?>
2<manifest xmlns:android="http://schemas.android.com/apk/res/android"
3    package="com.example.musicfun"
4    android:versionCode="1"
5    android:versionName="1.0" >
6
7    <uses-sdk
8        android:minSdkVersion="29"
8-->src\main\AndroidManifest.xml
9        android:targetSdkVersion="32" />
9-->src\main\AndroidManifest.xml
10
11    <uses-permission android:name="android.permission.INTERNET" />
11-->src\main\AndroidManifest.xml:4:5-67
11-->src\main\AndroidManifest.xml:4:22-64
12    <uses-permission android:name="android.permission.FOREGROUND_SERVICE" />
12-->src\main\AndroidManifest.xml:5:5-77
12-->src\main\AndroidManifest.xml:5:22-74
13    <uses-permission android:name="android.permission.ACCESS_NETWORK_STATE" />
13-->[com.google.android.exoplayer:exoplayer-core:2.18.0] AndroidManifest.xml:24:5-79
13-->[com.google.android.exoplayer:exoplayer-core:2.18.0] AndroidManifest.xml:24:22-76
14
15    <application
15-->src\main\AndroidManifest.xml:7:5-62:19
16        android:name="com.example.musicfun.activity.MyApplication"
16-->src\main\AndroidManifest.xml:19:9-47
17        android:allowBackup="true"
17-->src\main\AndroidManifest.xml:8:9-35
18        android:appComponentFactory="androidx.core.app.CoreComponentFactory"
18-->[androidx.core:core:1.8.0] AndroidManifest.xml:24:18-86
19        android:dataExtractionRules="@xml/data_extraction_rules"
19-->src\main\AndroidManifest.xml:9:9-65
20        android:debuggable="true"
21        android:extractNativeLibs="false"
22        android:fullBackupContent="@xml/backup_rules"
22-->src\main\AndroidManifest.xml:10:9-54
23        android:icon="@mipmap/ic_launcher"
23-->src\main\AndroidManifest.xml:11:9-43
24        android:label="@string/app_name"
24-->src\main\AndroidManifest.xml:12:9-41
25        android:networkSecurityConfig="@xml/network_security_config"
25-->src\main\AndroidManifest.xml:17:9-69
26        android:roundIcon="@mipmap/ic_launcher_round"
26-->src\main\AndroidManifest.xml:13:9-54
27        android:supportsRtl="true"
27-->src\main\AndroidManifest.xml:14:9-35
28        android:testOnly="true"
29        android:theme="@style/Theme.Musicfun"
29-->src\main\AndroidManifest.xml:15:9-46
30        android:usesCleartextTraffic="true" >
30-->src\main\AndroidManifest.xml:16:9-44
31        <service
31-->src\main\AndroidManifest.xml:20:9-24:48
32            android:name="com.example.musicfun.activity.MusicbannerService"
32-->src\main\AndroidManifest.xml:21:13-56
33            android:enabled="true"
33-->src\main\AndroidManifest.xml:22:13-35
34            android:exported="false"
34-->src\main\AndroidManifest.xml:24:13-37
35            android:stopWithTask="true" />
35-->src\main\AndroidManifest.xml:23:13-40
36
37        <activity
37-->src\main\AndroidManifest.xml:26:9-35:20
38            android:name="com.example.musicfun.activity.RegisterActivity"
38-->src\main\AndroidManifest.xml:27:13-54
39            android:exported="true"
39-->src\main\AndroidManifest.xml:28:13-36
40            android:label="@string/app_name" >
40-->src\main\AndroidManifest.xml:29:13-45
41            <intent-filter>
41-->src\main\AndroidManifest.xml:30:13-34:29
42                <action android:name="android.intent.action.MAIN" />
42-->src\main\AndroidManifest.xml:31:17-69
42-->src\main\AndroidManifest.xml:31:25-66
43
44                <category android:name="android.intent.category.LAUNCHER" />
44-->src\main\AndroidManifest.xml:33:17-77
44-->src\main\AndroidManifest.xml:33:27-74
45            </intent-filter>
46        </activity>
47        <activity
47-->src\main\AndroidManifest.xml:36:9-42:20
48            android:name="com.example.musicfun.activity.MessageListActivity"
48-->src\main\AndroidManifest.xml:37:13-57
49            android:exported="true"
49-->src\main\AndroidManifest.xml:38:13-36
50            android:label="Chat"
50-->src\main\AndroidManifest.xml:39:13-33
51            android:parentActivityName="com.example.musicfun.activity.MessageListActivity" >
51-->src\main\AndroidManifest.xml:40:13-71
52        </activity>
53        <activity
53-->src\main\AndroidManifest.xml:43:9-47:20
54            android:name="com.example.musicfun.activity.MainActivity"
54-->src\main\AndroidManifest.xml:44:13-50
55            android:exported="true"
55-->src\main\AndroidManifest.xml:45:13-36
56            android:launchMode="singleTop" >
56-->src\main\AndroidManifest.xml:46:13-43
57        </activity>
58        <activity
58-->src\main\AndroidManifest.xml:49:9-52:20
59            android:name="com.example.musicfun.activity.LyricsActivity"
59-->src\main\AndroidManifest.xml:50:13-52
60            android:exported="true" >
60-->src\main\AndroidManifest.xml:51:13-36
61        </activity>
62        <activity
62-->src\main\AndroidManifest.xml:54:9-57:39
63            android:name="com.example.musicfun.activity.SettingActivity"
63-->src\main\AndroidManifest.xml:55:13-53
64            android:exported="true"
64-->src\main\AndroidManifest.xml:56:13-36
65            android:label="Setting" />
65-->src\main\AndroidManifest.xml:57:13-36
66
67        <meta-data
67-->src\main\AndroidManifest.xml:59:9-61:57
68            android:name="preloaded_fonts"
68-->src\main\AndroidManifest.xml:60:13-43
69            android:resource="@array/preloaded_fonts" />
69-->src\main\AndroidManifest.xml:61:13-54
70
71        <provider
71-->[com.squareup.picasso:picasso:2.8] AndroidManifest.xml:8:9-11:40
72            android:name="com.squareup.picasso.PicassoProvider"
72-->[com.squareup.picasso:picasso:2.8] AndroidManifest.xml:9:13-64
73            android:authorities="com.example.musicfun.com.squareup.picasso"
73-->[com.squareup.picasso:picasso:2.8] AndroidManifest.xml:10:13-72
74            android:exported="false" />
74-->[com.squareup.picasso:picasso:2.8] AndroidManifest.xml:11:13-37
75        <provider
75-->[androidx.emoji2:emoji2:1.2.0] AndroidManifest.xml:24:9-32:20
76            android:name="androidx.startup.InitializationProvider"
76-->[androidx.emoji2:emoji2:1.2.0] AndroidManifest.xml:25:13-67
77            android:authorities="com.example.musicfun.androidx-startup"
77-->[androidx.emoji2:emoji2:1.2.0] AndroidManifest.xml:26:13-68
78            android:exported="false" >
78-->[androidx.emoji2:emoji2:1.2.0] AndroidManifest.xml:27:13-37
79            <meta-data
79-->[androidx.emoji2:emoji2:1.2.0] AndroidManifest.xml:29:13-31:52
80                android:name="androidx.emoji2.text.EmojiCompatInitializer"
80-->[androidx.emoji2:emoji2:1.2.0] AndroidManifest.xml:30:17-75
81                android:value="androidx.startup" />
81-->[androidx.emoji2:emoji2:1.2.0] AndroidManifest.xml:31:17-49
82            <meta-data
82-->[androidx.lifecycle:lifecycle-process:2.4.1] AndroidManifest.xml:31:13-33:52
83                android:name="androidx.lifecycle.ProcessLifecycleInitializer"
83-->[androidx.lifecycle:lifecycle-process:2.4.1] AndroidManifest.xml:32:17-78
84                android:value="androidx.startup" />
84-->[androidx.lifecycle:lifecycle-process:2.4.1] AndroidManifest.xml:33:17-49
85        </provider>
86
87        <uses-library
87-->[androidx.window:window:1.0.0] AndroidManifest.xml:25:9-27:40
88            android:name="androidx.window.extensions"
88-->[androidx.window:window:1.0.0] AndroidManifest.xml:26:13-54
89            android:required="false" />
89-->[androidx.window:window:1.0.0] AndroidManifest.xml:27:13-37
90        <uses-library
90-->[androidx.window:window:1.0.0] AndroidManifest.xml:28:9-30:40
91            android:name="androidx.window.sidecar"
91-->[androidx.window:window:1.0.0] AndroidManifest.xml:29:13-51
92            android:required="false" />
92-->[androidx.window:window:1.0.0] AndroidManifest.xml:30:13-37
93    </application>
94
95</manifest>